{"D:\\Coding\\Github\\Assignment-NodeJs\\settings.js": {"path":"D:\\Coding\\Github\\Assignment-NodeJs\\settings.js","statementMap":{"0":{"start":{"line":2,"column":0},"end":{"line":2,"column":27}},"1":{"start":{"line":4,"column":0},"end":{"line":13,"column":2}}},"fnMap":{},"branchMap":{"0":{"loc":{"start":{"line":5,"column":10},"end":{"line":5,"column":34}},"type":"binary-expr","locations":[{"start":{"line":5,"column":10},"end":{"line":5,"column":26}},{"start":{"line":5,"column":30},"end":{"line":5,"column":34}}],"line":5},"1":{"loc":{"start":{"line":6,"column":9},"end":{"line":6,"column":46}},"type":"binary-expr","locations":[{"start":{"line":6,"column":9},"end":{"line":6,"column":29}},{"start":{"line":6,"column":33},"end":{"line":6,"column":46}}],"line":6},"2":{"loc":{"start":{"line":7,"column":9},"end":{"line":7,"column":30}},"type":"binary-expr","locations":[{"start":{"line":7,"column":9},"end":{"line":7,"column":24}},{"start":{"line":7,"column":28},"end":{"line":7,"column":30}}],"line":7},"3":{"loc":{"start":{"line":9,"column":10},"end":{"line":9,"column":41}},"type":"binary-expr","locations":[{"start":{"line":9,"column":10},"end":{"line":9,"column":26}},{"start":{"line":9,"column":30},"end":{"line":9,"column":41}}],"line":9},"4":{"loc":{"start":{"line":10,"column":10},"end":{"line":10,"column":32}},"type":"binary-expr","locations":[{"start":{"line":10,"column":10},"end":{"line":10,"column":26}},{"start":{"line":10,"column":30},"end":{"line":10,"column":32}}],"line":10},"5":{"loc":{"start":{"line":11,"column":14},"end":{"line":11,"column":40}},"type":"binary-expr","locations":[{"start":{"line":11,"column":14},"end":{"line":11,"column":34}},{"start":{"line":11,"column":38},"end":{"line":11,"column":40}}],"line":11}},"s":{"0":1,"1":1},"f":{},"b":{"0":[1,0],"1":[1,0],"2":[1,1],"3":[1,0],"4":[1,0],"5":[1,0]},"_coverageSchema":"1a1c01bbd47fc00a2c39e90264f33305004495a9","hash":"f356ab0a5e48a17e33290d0116770524f76e808a"}
,"D:\\Coding\\Github\\Assignment-NodeJs\\__test__\\grossToNet.js": {"path":"D:\\Coding\\Github\\Assignment-NodeJs\\__test__\\grossToNet.js","statementMap":{"0":{"start":{"line":1,"column":16},"end":{"line":1,"column":53}},"1":{"start":{"line":3,"column":0},"end":{"line":13,"column":2}},"2":{"start":{"line":4,"column":15},"end":{"line":4,"column":61}},"3":{"start":{"line":5,"column":2},"end":{"line":12,"column":3}},"4":{"start":{"line":7,"column":6},"end":{"line":7,"column":15}},"5":{"start":{"line":9,"column":6},"end":{"line":9,"column":17}},"6":{"start":{"line":11,"column":6},"end":{"line":11,"column":18}},"7":{"start":{"line":14,"column":0},"end":{"line":24,"column":2}},"8":{"start":{"line":15,"column":15},"end":{"line":15,"column":57}},"9":{"start":{"line":16,"column":2},"end":{"line":23,"column":3}},"10":{"start":{"line":18,"column":6},"end":{"line":18,"column":15}},"11":{"start":{"line":20,"column":6},"end":{"line":20,"column":17}},"12":{"start":{"line":22,"column":6},"end":{"line":22,"column":18}},"13":{"start":{"line":25,"column":0},"end":{"line":35,"column":2}},"14":{"start":{"line":26,"column":15},"end":{"line":26,"column":55}},"15":{"start":{"line":27,"column":2},"end":{"line":34,"column":3}},"16":{"start":{"line":29,"column":6},"end":{"line":29,"column":15}},"17":{"start":{"line":31,"column":6},"end":{"line":31,"column":17}},"18":{"start":{"line":33,"column":6},"end":{"line":33,"column":18}}},"fnMap":{"0":{"name":"(anonymous_0)","decl":{"start":{"line":3,"column":30},"end":{"line":3,"column":31}},"loc":{"start":{"line":3,"column":53},"end":{"line":13,"column":1}},"line":3},"1":{"name":"(anonymous_1)","decl":{"start":{"line":14,"column":22},"end":{"line":14,"column":23}},"loc":{"start":{"line":14,"column":49},"end":{"line":24,"column":1}},"line":14},"2":{"name":"(anonymous_2)","decl":{"start":{"line":25,"column":16},"end":{"line":25,"column":17}},"loc":{"start":{"line":25,"column":47},"end":{"line":35,"column":1}},"line":25}},"branchMap":{"0":{"loc":{"start":{"line":5,"column":2},"end":{"line":12,"column":3}},"type":"switch","locations":[{"start":{"line":6,"column":4},"end":{"line":7,"column":15}},{"start":{"line":8,"column":4},"end":{"line":9,"column":17}},{"start":{"line":10,"column":4},"end":{"line":11,"column":18}}],"line":5},"1":{"loc":{"start":{"line":16,"column":2},"end":{"line":23,"column":3}},"type":"switch","locations":[{"start":{"line":17,"column":4},"end":{"line":18,"column":15}},{"start":{"line":19,"column":4},"end":{"line":20,"column":17}},{"start":{"line":21,"column":4},"end":{"line":22,"column":18}}],"line":16},"2":{"loc":{"start":{"line":27,"column":2},"end":{"line":34,"column":3}},"type":"switch","locations":[{"start":{"line":28,"column":4},"end":{"line":29,"column":15}},{"start":{"line":30,"column":4},"end":{"line":31,"column":17}},{"start":{"line":32,"column":4},"end":{"line":33,"column":18}}],"line":27}},"s":{"0":1,"1":1,"2":6,"3":6,"4":1,"5":0,"6":5,"7":1,"8":3,"9":3,"10":1,"11":0,"12":2,"13":1,"14":5,"15":5,"16":1,"17":0,"18":4},"f":{"0":6,"1":3,"2":5},"b":{"0":[1,0,5],"1":[1,0,2],"2":[1,0,4]},"_coverageSchema":"1a1c01bbd47fc00a2c39e90264f33305004495a9","hash":"314f43708a47f88a30370d8730e9b184be295add"}
,"D:\\Coding\\Github\\Assignment-NodeJs\\src\\controllers\\InsuranceTax.js": {"path":"D:\\Coding\\Github\\Assignment-NodeJs\\src\\controllers\\InsuranceTax.js","statementMap":{"0":{"start":{"line":1,"column":21},"end":{"line":1,"column":54}},"1":{"start":{"line":5,"column":8},"end":{"line":10,"column":9}},"2":{"start":{"line":6,"column":33},"end":{"line":6,"column":59}},"3":{"start":{"line":7,"column":12},"end":{"line":7,"column":32}},"4":{"start":{"line":9,"column":12},"end":{"line":9,"column":29}},"5":{"start":{"line":14,"column":0},"end":{"line":14,"column":32}}},"fnMap":{"0":{"name":"(anonymous_0)","decl":{"start":{"line":4,"column":4},"end":{"line":4,"column":5}},"loc":{"start":{"line":4,"column":17},"end":{"line":11,"column":5}},"line":4}},"branchMap":{},"s":{"0":1,"1":3,"2":3,"3":3,"4":0,"5":1},"f":{"0":3},"b":{},"_coverageSchema":"1a1c01bbd47fc00a2c39e90264f33305004495a9","hash":"3d1ccef90fe1343d2c4504b2ee948c1da0060e7f"}
,"D:\\Coding\\Github\\Assignment-NodeJs\\src\\controllers\\PersonalIncomeTax.js": {"path":"D:\\Coding\\Github\\Assignment-NodeJs\\src\\controllers\\PersonalIncomeTax.js","statementMap":{"0":{"start":{"line":1,"column":26},"end":{"line":1,"column":64}},"1":{"start":{"line":5,"column":8},"end":{"line":10,"column":9}},"2":{"start":{"line":6,"column":38},"end":{"line":6,"column":69}},"3":{"start":{"line":7,"column":12},"end":{"line":7,"column":37}},"4":{"start":{"line":9,"column":12},"end":{"line":9,"column":29}},"5":{"start":{"line":14,"column":0},"end":{"line":14,"column":32}}},"fnMap":{"0":{"name":"(anonymous_0)","decl":{"start":{"line":4,"column":4},"end":{"line":4,"column":5}},"loc":{"start":{"line":4,"column":17},"end":{"line":11,"column":5}},"line":4}},"branchMap":{},"s":{"0":1,"1":2,"2":2,"3":2,"4":0,"5":1},"f":{"0":2},"b":{},"_coverageSchema":"1a1c01bbd47fc00a2c39e90264f33305004495a9","hash":"23742b9aef58850d07e102c8129dd1bab5031e63"}
,"D:\\Coding\\Github\\Assignment-NodeJs\\src\\models\\InsuranceTax.js": {"path":"D:\\Coding\\Github\\Assignment-NodeJs\\src\\models\\InsuranceTax.js","statementMap":{"0":{"start":{"line":1,"column":16},"end":{"line":1,"column":36}},"1":{"start":{"line":5,"column":8},"end":{"line":5,"column":29}},"2":{"start":{"line":9,"column":0},"end":{"line":9,"column":29}}},"fnMap":{"0":{"name":"(anonymous_0)","decl":{"start":{"line":4,"column":4},"end":{"line":4,"column":5}},"loc":{"start":{"line":4,"column":27},"end":{"line":6,"column":5}},"line":4}},"branchMap":{},"s":{"0":1,"1":9,"2":1},"f":{"0":9},"b":{},"_coverageSchema":"1a1c01bbd47fc00a2c39e90264f33305004495a9","hash":"7fc8ba44165513704d7db5f97c46ffb7b5f7a409"}
,"D:\\Coding\\Github\\Assignment-NodeJs\\src\\models\\PersonalIncomeTax.js": {"path":"D:\\Coding\\Github\\Assignment-NodeJs\\src\\models\\PersonalIncomeTax.js","statementMap":{"0":{"start":{"line":1,"column":16},"end":{"line":1,"column":36}},"1":{"start":{"line":5,"column":8},"end":{"line":5,"column":34}},"2":{"start":{"line":9,"column":0},"end":{"line":9,"column":34}}},"fnMap":{"0":{"name":"(anonymous_0)","decl":{"start":{"line":4,"column":4},"end":{"line":4,"column":5}},"loc":{"start":{"line":4,"column":27},"end":{"line":6,"column":5}},"line":4}},"branchMap":{},"s":{"0":1,"1":6,"2":1},"f":{"0":6},"b":{},"_coverageSchema":"1a1c01bbd47fc00a2c39e90264f33305004495a9","hash":"a2641aa738955ecd257fe254573803c7a014c535"}
,"D:\\Coding\\Github\\Assignment-NodeJs\\src\\services\\grossToNet.js": {"path":"D:\\Coding\\Github\\Assignment-NodeJs\\src\\services\\grossToNet.js","statementMap":{"0":{"start":{"line":1,"column":28},"end":{"line":1,"column":66}},"1":{"start":{"line":2,"column":33},"end":{"line":2,"column":76}},"2":{"start":{"line":5,"column":4},"end":{"line":6,"column":19}},"3":{"start":{"line":6,"column":8},"end":{"line":6,"column":19}},"4":{"start":{"line":8,"column":4},"end":{"line":9,"column":17}},"5":{"start":{"line":9,"column":8},"end":{"line":9,"column":17}},"6":{"start":{"line":11,"column":23},"end":{"line":11,"column":55}},"7":{"start":{"line":12,"column":29},"end":{"line":12,"column":61}},"8":{"start":{"line":13,"column":23},"end":{"line":13,"column":30}},"9":{"start":{"line":14,"column":23},"end":{"line":14,"column":29}},"10":{"start":{"line":17,"column":4},"end":{"line":38,"column":6}},"11":{"start":{"line":18,"column":8},"end":{"line":37,"column":9}},"12":{"start":{"line":20,"column":16},"end":{"line":20,"column":57}},"13":{"start":{"line":21,"column":16},"end":{"line":22,"column":51}},"14":{"start":{"line":22,"column":20},"end":{"line":22,"column":51}},"15":{"start":{"line":23,"column":16},"end":{"line":23,"column":22}},"16":{"start":{"line":26,"column":16},"end":{"line":26,"column":57}},"17":{"start":{"line":27,"column":16},"end":{"line":28,"column":50}},"18":{"start":{"line":28,"column":20},"end":{"line":28,"column":50}},"19":{"start":{"line":29,"column":16},"end":{"line":29,"column":22}},"20":{"start":{"line":32,"column":16},"end":{"line":32,"column":63}},"21":{"start":{"line":33,"column":16},"end":{"line":34,"column":73}},"22":{"start":{"line":34,"column":20},"end":{"line":34,"column":73}},"23":{"start":{"line":35,"column":16},"end":{"line":35,"column":22}},"24":{"start":{"line":40,"column":4},"end":{"line":40,"column":128}},"25":{"start":{"line":44,"column":4},"end":{"line":45,"column":19}},"26":{"start":{"line":45,"column":8},"end":{"line":45,"column":19}},"27":{"start":{"line":47,"column":4},"end":{"line":48,"column":17}},"28":{"start":{"line":48,"column":8},"end":{"line":48,"column":17}},"29":{"start":{"line":50,"column":37},"end":{"line":50,"column":45}},"30":{"start":{"line":51,"column":26},"end":{"line":51,"column":33}},"31":{"start":{"line":53,"column":28},"end":{"line":53,"column":65}},"32":{"start":{"line":54,"column":33},"end":{"line":54,"column":78}},"33":{"start":{"line":54,"column":64},"end":{"line":54,"column":77}},"34":{"start":{"line":55,"column":25},"end":{"line":55,"column":26}},"35":{"start":{"line":56,"column":14},"end":{"line":56,"column":15}},"36":{"start":{"line":57,"column":17},"end":{"line":57,"column":92}},"37":{"start":{"line":59,"column":4},"end":{"line":69,"column":6}},"38":{"start":{"line":60,"column":8},"end":{"line":68,"column":9}},"39":{"start":{"line":61,"column":12},"end":{"line":65,"column":13}},"40":{"start":{"line":62,"column":16},"end":{"line":62,"column":57}},"41":{"start":{"line":64,"column":16},"end":{"line":64,"column":101}},"42":{"start":{"line":66,"column":12},"end":{"line":66,"column":74}},"43":{"start":{"line":67,"column":12},"end":{"line":67,"column":48}},"44":{"start":{"line":71,"column":4},"end":{"line":73,"column":5}},"45":{"start":{"line":72,"column":8},"end":{"line":72,"column":45}},"46":{"start":{"line":74,"column":4},"end":{"line":74,"column":27}},"47":{"start":{"line":76,"column":4},"end":{"line":76,"column":46}},"48":{"start":{"line":80,"column":4},"end":{"line":81,"column":19}},"49":{"start":{"line":81,"column":8},"end":{"line":81,"column":19}},"50":{"start":{"line":83,"column":4},"end":{"line":84,"column":17}},"51":{"start":{"line":84,"column":8},"end":{"line":84,"column":17}},"52":{"start":{"line":86,"column":22},"end":{"line":86,"column":60}},"53":{"start":{"line":88,"column":14},"end":{"line":88,"column":111}},"54":{"start":{"line":89,"column":16},"end":{"line":89,"column":50}},"55":{"start":{"line":91,"column":4},"end":{"line":98,"column":5}},"56":{"start":{"line":101,"column":0},"end":{"line":101,"column":60}}},"fnMap":{"0":{"name":"insuranceCalculator","decl":{"start":{"line":4,"column":15},"end":{"line":4,"column":34}},"loc":{"start":{"line":4,"column":48},"end":{"line":41,"column":1}},"line":4},"1":{"name":"(anonymous_1)","decl":{"start":{"line":17,"column":23},"end":{"line":17,"column":24}},"loc":{"start":{"line":17,"column":33},"end":{"line":38,"column":5}},"line":17},"2":{"name":"personalTax","decl":{"start":{"line":43,"column":15},"end":{"line":43,"column":26}},"loc":{"start":{"line":43,"column":56},"end":{"line":77,"column":1}},"line":43},"3":{"name":"(anonymous_3)","decl":{"start":{"line":54,"column":54},"end":{"line":54,"column":55}},"loc":{"start":{"line":54,"column":64},"end":{"line":54,"column":77}},"line":54},"4":{"name":"(anonymous_4)","decl":{"start":{"line":59,"column":33},"end":{"line":59,"column":34}},"loc":{"start":{"line":59,"column":43},"end":{"line":69,"column":5}},"line":59},"5":{"name":"toNet","decl":{"start":{"line":79,"column":15},"end":{"line":79,"column":20}},"loc":{"start":{"line":79,"column":46},"end":{"line":99,"column":1}},"line":79}},"branchMap":{"0":{"loc":{"start":{"line":5,"column":4},"end":{"line":6,"column":19}},"type":"if","locations":[{"start":{"line":5,"column":4},"end":{"line":6,"column":19}},{"start":{},"end":{}}],"line":5},"1":{"loc":{"start":{"line":5,"column":8},"end":{"line":5,"column":63}},"type":"binary-expr","locations":[{"start":{"line":5,"column":8},"end":{"line":5,"column":21}},{"start":{"line":5,"column":25},"end":{"line":5,"column":37}},{"start":{"line":5,"column":41},"end":{"line":5,"column":50}},{"start":{"line":5,"column":54},"end":{"line":5,"column":63}}],"line":5},"2":{"loc":{"start":{"line":8,"column":4},"end":{"line":9,"column":17}},"type":"if","locations":[{"start":{"line":8,"column":4},"end":{"line":9,"column":17}},{"start":{},"end":{}}],"line":8},"3":{"loc":{"start":{"line":18,"column":8},"end":{"line":37,"column":9}},"type":"switch","locations":[{"start":{"line":19,"column":12},"end":{"line":24,"column":13}},{"start":{"line":25,"column":12},"end":{"line":30,"column":13}},{"start":{"line":31,"column":12},"end":{"line":36,"column":13}}],"line":18},"4":{"loc":{"start":{"line":21,"column":16},"end":{"line":22,"column":51}},"type":"if","locations":[{"start":{"line":21,"column":16},"end":{"line":22,"column":51}},{"start":{},"end":{}}],"line":21},"5":{"loc":{"start":{"line":27,"column":16},"end":{"line":28,"column":50}},"type":"if","locations":[{"start":{"line":27,"column":16},"end":{"line":28,"column":50}},{"start":{},"end":{}}],"line":27},"6":{"loc":{"start":{"line":33,"column":16},"end":{"line":34,"column":73}},"type":"if","locations":[{"start":{"line":33,"column":16},"end":{"line":34,"column":73}},{"start":{},"end":{}}],"line":33},"7":{"loc":{"start":{"line":44,"column":4},"end":{"line":45,"column":19}},"type":"if","locations":[{"start":{"line":44,"column":4},"end":{"line":45,"column":19}},{"start":{},"end":{}}],"line":44},"8":{"loc":{"start":{"line":44,"column":8},"end":{"line":44,"column":45}},"type":"binary-expr","locations":[{"start":{"line":44,"column":8},"end":{"line":44,"column":22}},{"start":{"line":44,"column":26},"end":{"line":44,"column":45}}],"line":44},"9":{"loc":{"start":{"line":47,"column":4},"end":{"line":48,"column":17}},"type":"if","locations":[{"start":{"line":47,"column":4},"end":{"line":48,"column":17}},{"start":{},"end":{}}],"line":47},"10":{"loc":{"start":{"line":60,"column":8},"end":{"line":68,"column":9}},"type":"if","locations":[{"start":{"line":60,"column":8},"end":{"line":68,"column":9}},{"start":{},"end":{}}],"line":60},"11":{"loc":{"start":{"line":61,"column":12},"end":{"line":65,"column":13}},"type":"if","locations":[{"start":{"line":61,"column":12},"end":{"line":65,"column":13}},{"start":{"line":63,"column":19},"end":{"line":65,"column":13}}],"line":61},"12":{"loc":{"start":{"line":71,"column":4},"end":{"line":73,"column":5}},"type":"if","locations":[{"start":{"line":71,"column":4},"end":{"line":73,"column":5}},{"start":{},"end":{}}],"line":71},"13":{"loc":{"start":{"line":80,"column":4},"end":{"line":81,"column":19}},"type":"if","locations":[{"start":{"line":80,"column":4},"end":{"line":81,"column":19}},{"start":{},"end":{}}],"line":80},"14":{"loc":{"start":{"line":80,"column":8},"end":{"line":80,"column":104}},"type":"binary-expr","locations":[{"start":{"line":80,"column":8},"end":{"line":80,"column":21}},{"start":{"line":80,"column":25},"end":{"line":80,"column":37}},{"start":{"line":80,"column":41},"end":{"line":80,"column":50}},{"start":{"line":80,"column":54},"end":{"line":80,"column":63}},{"start":{"line":80,"column":67},"end":{"line":80,"column":81}},{"start":{"line":80,"column":85},"end":{"line":80,"column":104}}],"line":80},"15":{"loc":{"start":{"line":83,"column":4},"end":{"line":84,"column":17}},"type":"if","locations":[{"start":{"line":83,"column":4},"end":{"line":84,"column":17}},{"start":{},"end":{}}],"line":83}},"s":{"0":1,"1":1,"2":7,"3":3,"4":4,"5":1,"6":3,"7":3,"8":3,"9":3,"10":3,"11":9,"12":3,"13":3,"14":2,"15":3,"16":3,"17":3,"18":2,"19":3,"20":3,"21":3,"22":0,"23":3,"24":3,"25":4,"26":1,"27":3,"28":1,"29":2,"30":2,"31":2,"32":2,"33":12,"34":2,"35":2,"36":2,"37":2,"38":14,"39":10,"40":2,"41":8,"42":10,"43":10,"44":2,"45":0,"46":2,"47":2,"48":5,"49":3,"50":2,"51":1,"52":1,"53":1,"54":1,"55":1,"56":1},"f":{"0":7,"1":9,"2":4,"3":12,"4":14,"5":5},"b":{"0":[3,4],"1":[7,6,5,4],"2":[1,3],"3":[3,3,3],"4":[2,1],"5":[2,1],"6":[0,3],"7":[1,3],"8":[4,3],"9":[1,2],"10":[10,4],"11":[2,8],"12":[0,2],"13":[3,2],"14":[5,4,4,3,3,2],"15":[1,1]},"_coverageSchema":"1a1c01bbd47fc00a2c39e90264f33305004495a9","hash":"3d6c3244735a25dff7717a510c8bbf13218f5348"}
}
