TN:
SF:settings.js
FNF:0
FNH:0
DA:2,1
DA:4,1
LF:2
LH:2
BRDA:5,0,0,1
BRDA:5,0,1,0
BRDA:6,1,0,1
BRDA:6,1,1,0
BRDA:7,2,0,1
BRDA:7,2,1,1
BRDA:9,3,0,1
BRDA:9,3,1,0
BRDA:10,4,0,1
BRDA:10,4,1,0
BRDA:11,5,0,1
BRDA:11,5,1,0
BRF:12
BRH:7
end_of_record
TN:
SF:__test__\grossToNet.js
FN:3,(anonymous_0)
FN:14,(anonymous_1)
FN:25,(anonymous_2)
FNF:3
FNH:3
FNDA:6,(anonymous_0)
FNDA:3,(anonymous_1)
FNDA:5,(anonymous_2)
DA:1,1
DA:3,1
DA:4,6
DA:5,6
DA:7,1
DA:9,0
DA:11,5
DA:14,1
DA:15,3
DA:16,3
DA:18,1
DA:20,0
DA:22,2
DA:25,1
DA:26,5
DA:27,5
DA:29,1
DA:31,0
DA:33,4
LF:19
LH:16
BRDA:5,0,0,1
BRDA:5,0,1,0
BRDA:5,0,2,5
BRDA:16,1,0,1
BRDA:16,1,1,0
BRDA:16,1,2,2
BRDA:27,2,0,1
BRDA:27,2,1,0
BRDA:27,2,2,4
BRF:9
BRH:6
end_of_record
TN:
SF:src\controllers\InsuranceTax.js
FN:4,(anonymous_0)
FNF:1
FNH:1
FNDA:3,(anonymous_0)
DA:1,1
DA:5,3
DA:6,3
DA:7,3
DA:9,0
DA:14,1
LF:6
LH:5
BRF:0
BRH:0
end_of_record
TN:
SF:src\controllers\PersonalIncomeTax.js
FN:4,(anonymous_0)
FNF:1
FNH:1
FNDA:2,(anonymous_0)
DA:1,1
DA:5,2
DA:6,2
DA:7,2
DA:9,0
DA:14,1
LF:6
LH:5
BRF:0
BRH:0
end_of_record
TN:
SF:src\models\InsuranceTax.js
FN:4,(anonymous_0)
FNF:1
FNH:1
FNDA:9,(anonymous_0)
DA:1,1
DA:5,9
DA:9,1
LF:3
LH:3
BRF:0
BRH:0
end_of_record
TN:
SF:src\models\PersonalIncomeTax.js
FN:4,(anonymous_0)
FNF:1
FNH:1
FNDA:6,(anonymous_0)
DA:1,1
DA:5,6
DA:9,1
LF:3
LH:3
BRF:0
BRH:0
end_of_record
TN:
SF:src\services\grossToNet.js
FN:4,insuranceCalculator
FN:17,(anonymous_1)
FN:43,personalTax
FN:54,(anonymous_3)
FN:59,(anonymous_4)
FN:79,toNet
FNF:6
FNH:6
FNDA:7,insuranceCalculator
FNDA:9,(anonymous_1)
FNDA:4,personalTax
FNDA:12,(anonymous_3)
FNDA:14,(anonymous_4)
FNDA:5,toNet
DA:1,1
DA:2,1
DA:5,7
DA:6,3
DA:8,4
DA:9,1
DA:11,3
DA:12,3
DA:13,3
DA:14,3
DA:17,3
DA:18,9
DA:20,3
DA:21,3
DA:22,2
DA:23,3
DA:26,3
DA:27,3
DA:28,2
DA:29,3
DA:32,3
DA:33,3
DA:34,0
DA:35,3
DA:40,3
DA:44,4
DA:45,1
DA:47,3
DA:48,1
DA:50,2
DA:51,2
DA:53,2
DA:54,12
DA:55,2
DA:56,2
DA:57,2
DA:59,2
DA:60,14
DA:61,10
DA:62,2
DA:64,8
DA:66,10
DA:67,10
DA:71,2
DA:72,0
DA:74,2
DA:76,2
DA:80,5
DA:81,3
DA:83,2
DA:84,1
DA:86,1
DA:88,1
DA:89,1
DA:91,1
DA:101,1
LF:56
LH:54
BRDA:5,0,0,3
BRDA:5,0,1,4
BRDA:5,1,0,7
BRDA:5,1,1,6
BRDA:5,1,2,5
BRDA:5,1,3,4
BRDA:8,2,0,1
BRDA:8,2,1,3
BRDA:18,3,0,3
BRDA:18,3,1,3
BRDA:18,3,2,3
BRDA:21,4,0,2
BRDA:21,4,1,1
BRDA:27,5,0,2
BRDA:27,5,1,1
BRDA:33,6,0,0
BRDA:33,6,1,3
BRDA:44,7,0,1
BRDA:44,7,1,3
BRDA:44,8,0,4
BRDA:44,8,1,3
BRDA:47,9,0,1
BRDA:47,9,1,2
BRDA:60,10,0,10
BRDA:60,10,1,4
BRDA:61,11,0,2
BRDA:61,11,1,8
BRDA:71,12,0,0
BRDA:71,12,1,2
BRDA:80,13,0,3
BRDA:80,13,1,2
BRDA:80,14,0,5
BRDA:80,14,1,4
BRDA:80,14,2,4
BRDA:80,14,3,3
BRDA:80,14,4,3
BRDA:80,14,5,2
BRDA:83,15,0,1
BRDA:83,15,1,1
BRF:39
BRH:37
end_of_record
